TN:
SF:src/diffFiles.js
FN:3,compareFiles
FNF:1
FNH:1
FNDA:2,compareFiles
DA:1,1
DA:2,1
DA:3,2
DA:4,2
DA:5,2
DA:6,2
DA:7,2
DA:8,10
DA:9,4
DA:10,4
DA:11,10
DA:12,2
DA:13,2
DA:14,10
DA:15,2
DA:16,2
DA:17,2
DA:18,2
DA:19,2
DA:20,2
DA:21,1
DA:22,1
DA:23,1
DA:24,1
DA:25,1
DA:26,1
DA:27,1
DA:28,1
DA:29,1
DA:30,1
DA:31,1
DA:32,1
DA:33,1
DA:34,1
DA:35,1
DA:36,1
DA:37,1
DA:38,1
DA:39,1
DA:40,1
DA:41,1
DA:42,1
DA:43,1
DA:44,1
DA:45,1
DA:46,1
LF:46
LH:46
BRDA:3,0,0,2
BRDA:7,1,0,10
BRDA:8,2,0,4
BRDA:10,3,0,6
BRDA:11,4,0,2
BRDA:13,5,0,4
BRDA:14,6,0,2
BRF:7
BRH:7
end_of_record
TN:
SF:src/fileParser.js
FN:6,getExtensionFile
FN:16,parseFile
FNF:2
FNH:2
FNDA:4,getExtensionFile
FNDA:4,parseFile
DA:1,1
DA:2,1
DA:3,1
DA:4,1
DA:5,1
DA:6,1
DA:7,4
DA:8,4
DA:9,2
DA:10,2
DA:11,2
DA:12,2
DA:13,2
DA:14,4
DA:15,1
DA:16,1
DA:17,4
DA:18,4
DA:19,4
DA:20,4
DA:21,4
DA:22,4
DA:23,1
DA:24,1
LF:24
LH:24
BRDA:6,0,0,4
BRDA:8,1,0,3
BRDA:8,2,0,2
BRDA:16,3,0,4
BRF:4
BRH:4
end_of_record
