TN:
SF:src/diffFiles.js
FN:3,compareFiles
FNF:1
FNH:1
FNDA:1,compareFiles
DA:1,1
DA:2,1
DA:3,1
DA:4,1
DA:5,1
DA:6,1
DA:7,1
DA:8,5
DA:9,2
DA:10,2
DA:11,5
DA:12,1
DA:13,1
DA:14,5
DA:15,1
DA:16,1
DA:17,1
DA:18,1
DA:19,1
DA:20,1
DA:21,1
DA:22,1
DA:23,1
DA:24,1
DA:25,1
DA:26,1
DA:27,1
DA:28,1
DA:29,1
DA:30,1
DA:31,1
DA:32,1
DA:33,1
DA:34,1
DA:35,1
DA:36,1
DA:37,1
DA:38,1
DA:39,1
DA:40,1
DA:41,1
DA:42,1
DA:43,1
DA:44,1
DA:45,1
DA:46,1
LF:46
LH:46
BRDA:3,0,0,1
BRDA:7,1,0,5
BRDA:8,2,0,2
BRDA:10,3,0,3
BRDA:11,4,0,1
BRDA:13,5,0,2
BRDA:14,6,0,1
BRF:7
BRH:7
end_of_record
TN:
SF:src/fileParser.js
FN:5,parseFile
FNF:1
FNH:1
FNDA:2,parseFile
DA:1,1
DA:2,1
DA:3,1
DA:4,1
DA:5,1
DA:6,2
DA:7,2
DA:8,2
DA:9,2
DA:10,1
DA:11,1
LF:11
LH:11
BRDA:5,0,0,2
BRF:1
BRH:1
end_of_record
